<?xml version="1.0" encoding="UTF-8"?>
<!-- Generated by org.testng.reporters.JUnitXMLReporter -->
<testsuite hostname="DERIW42SLPC1327" ignored="1" name="Test 2" tests="5" failures="0" timestamp="10 Mar 2020 06:56:25 GMT" time="7.886" errors="0">
  <testcase name="@BeforeClass initialize" time="7.76" classname="com.tricentis.automation.driver.Driver">
    <failure type="org.openqa.selenium.WebDriverException" message="permission denied
Build info: version: &amp;apos;3.141.59&amp;apos;, revision: &amp;apos;e82be7d358&amp;apos;, time: &amp;apos;2018-11-14T08:17:03&amp;apos;
System info: host: &amp;apos;DERIW42SLPC1327&amp;apos;, ip: &amp;apos;192.168.0.111&amp;apos;, os.name: &amp;apos;Windows 10&amp;apos;, os.arch: &amp;apos;amd64&amp;apos;, os.version: &amp;apos;10.0&amp;apos;, java.version: &amp;apos;1.8.0_161&amp;apos;
Driver info: driver.version: Driver
remote stacktrace: ">
      <![CDATA[org.openqa.selenium.WebDriverException: permission deniedBuild info: version: '3.141.59', revision: 'e82be7d358', time: '2018-11-14T08:17:03'System info: host: 'DERIW42SLPC1327', ip: '192.168.0.111', os.name: 'Windows 10', os.arch: 'amd64', os.version: '10.0', java.version: '1.8.0_161'Driver info: driver.version: Driverremote stacktrace: at org.openqa.selenium.remote.W3CHandshakeResponse.lambda$errorHandler$0(W3CHandshakeResponse.java:62)at org.openqa.selenium.remote.HandshakeResponse.lambda$getResponseFunction$0(HandshakeResponse.java:30)at org.openqa.selenium.remote.ProtocolHandshake.lambda$createSession$0(ProtocolHandshake.java:126)at java.util.stream.ReferencePipeline$3$1.accept(ReferencePipeline.java:193)at java.util.Spliterators$ArraySpliterator.tryAdvance(Spliterators.java:958)at java.util.stream.ReferencePipeline.forEachWithCancel(ReferencePipeline.java:126)at java.util.stream.AbstractPipeline.copyIntoWithCancel(AbstractPipeline.java:498)at java.util.stream.AbstractPipeline.copyInto(AbstractPipeline.java:485)at java.util.stream.AbstractPipeline.wrapAndCopyInto(AbstractPipeline.java:471)at java.util.stream.FindOps$FindOp.evaluateSequential(FindOps.java:152)at java.util.stream.AbstractPipeline.evaluate(AbstractPipeline.java:234)at java.util.stream.ReferencePipeline.findFirst(ReferencePipeline.java:464)at org.openqa.selenium.remote.ProtocolHandshake.createSession(ProtocolHandshake.java:128)at org.openqa.selenium.remote.ProtocolHandshake.createSession(ProtocolHandshake.java:74)at org.openqa.selenium.remote.HttpCommandExecutor.execute(HttpCommandExecutor.java:136)at org.openqa.selenium.remote.service.DriverCommandExecutor.execute(DriverCommandExecutor.java:83)at org.openqa.selenium.remote.RemoteWebDriver.execute(RemoteWebDriver.java:552)at org.openqa.selenium.remote.RemoteWebDriver.startSession(RemoteWebDriver.java:213)at org.openqa.selenium.remote.RemoteWebDriver.<init>(RemoteWebDriver.java:131)at org.openqa.selenium.firefox.FirefoxDriver.<init>(FirefoxDriver.java:147)at org.openqa.selenium.firefox.FirefoxDriver.<init>(FirefoxDriver.java:125)at com.tricentis.automation.driver.Driver.initialize(Driver.java:46)... Removed 30 stack frames]]>
    </failure>
  </testcase> <!-- @BeforeClass initialize -->
  <testcase name="@AfterClass tearDown" time="0.0" classname="com.tricentis.automation.driver.Driver">
    <skipped/>
  </testcase> <!-- @AfterClass tearDown -->
  <testcase name="@BeforeClass initialize" time="0.0" classname="com.tricentis.automation.driver.Driver">
    <skipped/>
  </testcase> <!-- @BeforeClass initialize -->
  <testcase name="@AfterClass tearDown" time="0.0" classname="com.tricentis.automation.driver.Driver">
    <skipped/>
  </testcase> <!-- @AfterClass tearDown -->
  <testcase name="verifyAutomationlink" time="0.0" classname="com.tricentis.automation.scripts.fieldVerification.HomePageTests">
    <skipped/>
  </testcase> <!-- verifyAutomationlink -->
  <testcase name="verifyCamperlink" time="0.0" classname="com.tricentis.automation.scripts.fieldVerification.HomePageTests">
    <skipped/>
  </testcase> <!-- verifyCamperlink -->
  <testcase name="verifyMotorCyclelink" time="0.0" classname="com.tricentis.automation.scripts.fieldVerification.HomePageTests">
    <skipped/>
  </testcase> <!-- verifyMotorCyclelink -->
  <testcase name="verifyTrucklink" time="0.0" classname="com.tricentis.automation.scripts.fieldVerification.HomePageTests">
    <skipped/>
  </testcase> <!-- verifyTrucklink -->
  <testcase name="verifyEnginePerformanceInputbox" time="0.0" classname="com.tricentis.automation.scripts.fieldVerification.Automobile_EnterVehicleDataPageTests">
    <skipped/>
  </testcase> <!-- verifyEnginePerformanceInputbox -->
  <testcase name="@BeforeSuite suiteInitializer" time="0.0" classname="com.tricentis.automation.driver.Driver">
    <ignored/>
  </testcase> <!-- @BeforeSuite suiteInitializer -->
</testsuite> <!-- Test 2 -->
